This file contains any messages produced by compilers while
running configure, to aid debugging if configure makes a mistake.

It was created by snprintfv configure 1.1, which was
generated by GNU Autoconf 2.69.  Invocation command line was

  $ ./configure --disable-option-checking --prefix=/usr/local --enable-subdir --enable-snprintfv-convenience --cache-file=/dev/null --srcdir=.

## --------- ##
## Platform. ##
## --------- ##

hostname = DESKTOP-SNRAR97
uname -m = x86_64
uname -r = 5.15.167.4-microsoft-standard-WSL2
uname -s = Linux
uname -v = #1 SMP Tue Nov 5 00:21:55 UTC 2024

/usr/bin/uname -p = x86_64
/bin/uname -X     = unknown

/bin/arch              = x86_64
/usr/bin/arch -k       = unknown
/usr/convex/getsysinfo = unknown
/usr/bin/hostinfo      = unknown
/bin/machine           = unknown
/usr/bin/oslevel       = unknown
/bin/universe          = unknown

PATH: /home/milan/.cursor-server/bin/8ea935e79a50a02da912a034bbeda84a6d3d3550/bin/remote-cli
PATH: /home/milan/.local/bin
PATH: /usr/local/sbin
PATH: /usr/local/bin
PATH: /usr/sbin
PATH: /usr/bin
PATH: /sbin
PATH: /bin
PATH: /usr/games
PATH: /usr/local/games
PATH: /usr/lib/wsl/lib
PATH: /mnt/c/Program Files/Eclipse Adoptium/jdk-21.0.6.7-hotspot/bin
PATH: /mnt/c/Program Files/Common Files/Oracle/Java/javapath
PATH: /mnt/c/Program Files (x86)/Common Files/Oracle/Java/java8path
PATH: /mnt/c/Program Files (x86)/Common Files/Oracle/Java/javapath
PATH: /mnt/c/Program Files (x86)/Common Files/Intel/Shared Libraries/redist/intel64/compiler
PATH: /mnt/c/WINDOWS/system32
PATH: /mnt/c/WINDOWS
PATH: /mnt/c/WINDOWS/System32/Wbem
PATH: /mnt/c/WINDOWS/System32/WindowsPowerShell/v1.0/
PATH: /mnt/c/WINDOWS/System32/OpenSSH/
PATH: /mnt/c/Program Files/dotnet/
PATH: /mnt/c/msys64/mingw64/bin
PATH: /mnt/c/Program Files/CodeBlocks/MinGW/bin
PATH: /mnt/f/chrome
PATH: /mnt/c/WINDOWS/system32
PATH: /mnt/c/WINDOWS
PATH: /mnt/c/WINDOWS/System32/Wbem
PATH: /mnt/c/WINDOWS/System32/WindowsPowerShell/v1.0/
PATH: /mnt/c/WINDOWS/System32/OpenSSH/
PATH: /mnt/c/xampp/php
PATH: /mnt/c/Program Files/Java/jdk-21/bin
PATH: /mnt/c/xampp/mysql/bin
PATH: /mnt/c/Program Files/Git/cmd
PATH: /mnt/c/Program Files/Microsoft SQL Server/150/Tools/Binn/
PATH: /mnt/c/Program Files/Microsoft SQL Server/Client SDK/ODBC/170/Tools/Binn/
PATH: /mnt/c/Program Files (x86)/Windows Kits/10/Windows Performance Toolkit/
PATH: /mnt/c/Program Files (x86)/NVIDIA Corporation/PhysX/Common
PATH: /mnt/c/Program Files/NVIDIA Corporation/NVIDIA app/NvDLISR
PATH: /mnt/c/Program Files/Docker/Docker/resources/bin
PATH: /mnt/c/Users/milan/AppData/Local/Programs/cursor/resources/app/bin
PATH: /mnt/c/Program Files/nodejs/
PATH: /mnt/c/Program Files/Cloudflare/Cloudflare WARP/
PATH: /mnt/c/Program Files/MySQL/MySQL Shell 8.3/bin/
PATH: /mnt/c/Users/milan/AppData/Local/Microsoft/WindowsApps
PATH: /mnt/c/MinGW/bin
PATH: /mnt/c/Program Files/OpenCppCoverage
PATH: /mnt/c/Program Files (x86)/Dr. Memory/bin/
PATH: /mnt/c/Users/milan/AppData/Local/GitHubDesktop/bin
PATH: /mnt/c/Users/milan/AppData/Local/Programs/Microsoft VS Code/bin
PATH: /mnt/c/Users/milan/.dotnet/tools
PATH: /mnt/c/Users/milan/AppData/Local/Programs/cursor/resources/app/bin
PATH: /mnt/c/Users/milan/AppData/Local/Microsoft/WinGet/Packages/Schniz.fnm_Microsoft.Winget.Source_8wekyb3d8bbwe
PATH: /mnt/c/Users/milan/AppData/Roaming/npm
PATH: /snap/bin


## ----------- ##
## Core tests. ##
## ----------- ##

configure:2513: checking for a BSD-compatible install
configure:2581: result: /usr/bin/install -c
configure:2592: checking whether build environment is sane
configure:2642: result: yes
configure:2783: checking for a thread-safe mkdir -p
configure:2822: result: /usr/bin/mkdir -p
configure:2835: checking for gawk
configure:2851: found /usr/bin/gawk
configure:2862: result: gawk
configure:2873: checking whether make sets $(MAKE)
configure:2895: result: yes
configure:2984: checking build system type
configure:2998: result: x86_64-unknown-linux-gnu
configure:3018: checking host system type
configure:3031: result: x86_64-unknown-linux-gnu
configure:3400: checking how to print strings
configure:3427: result: printf
configure:3460: checking for style of include used by make
configure:3488: result: GNU
configure:3559: checking for gcc
configure:3575: found /usr/bin/gcc
configure:3586: result: gcc
configure:3815: checking for C compiler version
configure:3824: gcc --version >&5
gcc (Ubuntu 13.3.0-6ubuntu2~24.04) 13.3.0
Copyright (C) 2023 Free Software Foundation, Inc.
This is free software; see the source for copying conditions.  There is NO
warranty; not even for MERCHANTABILITY or FITNESS FOR A PARTICULAR PURPOSE.

configure:3835: $? = 0
configure:3824: gcc -v >&5
Using built-in specs.
COLLECT_GCC=gcc
COLLECT_LTO_WRAPPER=/usr/libexec/gcc/x86_64-linux-gnu/13/lto-wrapper
OFFLOAD_TARGET_NAMES=nvptx-none:amdgcn-amdhsa
OFFLOAD_TARGET_DEFAULT=1
Target: x86_64-linux-gnu
Configured with: ../src/configure -v --with-pkgversion='Ubuntu 13.3.0-6ubuntu2~24.04' --with-bugurl=file:///usr/share/doc/gcc-13/README.Bugs --enable-languages=c,ada,c++,go,d,fortran,objc,obj-c++,m2 --prefix=/usr --with-gcc-major-version-only --program-suffix=-13 --program-prefix=x86_64-linux-gnu- --enable-shared --enable-linker-build-id --libexecdir=/usr/libexec --without-included-gettext --enable-threads=posix --libdir=/usr/lib --enable-nls --enable-bootstrap --enable-clocale=gnu --enable-libstdcxx-debug --enable-libstdcxx-time=yes --with-default-libstdcxx-abi=new --enable-libstdcxx-backtrace --enable-gnu-unique-object --disable-vtable-verify --enable-plugin --enable-default-pie --with-system-zlib --enable-libphobos-checking=release --with-target-system-zlib=auto --enable-objc-gc=auto --enable-multiarch --disable-werror --enable-cet --with-arch-32=i686 --with-abi=m64 --with-multilib-list=m32,m64,mx32 --enable-multilib --with-tune=generic --enable-offload-targets=nvptx-none=/build/gcc-13-fG75Ri/gcc-13-13.3.0/debian/tmp-nvptx/usr,amdgcn-amdhsa=/build/gcc-13-fG75Ri/gcc-13-13.3.0/debian/tmp-gcn/usr --enable-offload-defaulted --without-cuda-driver --enable-checking=release --build=x86_64-linux-gnu --host=x86_64-linux-gnu --target=x86_64-linux-gnu --with-build-config=bootstrap-lto-lean --enable-link-serialization=2
Thread model: posix
Supported LTO compression algorithms: zlib zstd
gcc version 13.3.0 (Ubuntu 13.3.0-6ubuntu2~24.04) 
... rest of stderr output deleted ...
configure:3835: $? = 0
configure:3824: gcc -V >&5
gcc: error: unrecognized command-line option '-V'
gcc: fatal error: no input files
compilation terminated.
configure:3835: $? = 1
configure:3824: gcc -qversion >&5
gcc: error: unrecognized command-line option '-qversion'; did you mean '--version'?
gcc: fatal error: no input files
compilation terminated.
configure:3835: $? = 1
configure:3855: checking whether the C compiler works
configure:3877: gcc    conftest.c  >&5
configure:3881: $? = 0
configure:3929: result: yes
configure:3932: checking for C compiler default output file name
configure:3934: result: a.out
configure:3940: checking for suffix of executables
configure:3947: gcc -o conftest    conftest.c  >&5
configure:3951: $? = 0
configure:3973: result: 
configure:3995: checking whether we are cross compiling
configure:4003: gcc -o conftest    conftest.c  >&5
configure:4007: $? = 0
configure:4014: ./conftest
configure:4018: $? = 0
configure:4033: result: no
configure:4038: checking for suffix of object files
configure:4060: gcc -c   conftest.c >&5
configure:4064: $? = 0
configure:4085: result: o
configure:4089: checking whether we are using the GNU C compiler
configure:4108: gcc -c   conftest.c >&5
configure:4108: $? = 0
configure:4117: result: yes
configure:4126: checking whether gcc accepts -g
configure:4146: gcc -c -g  conftest.c >&5
configure:4146: $? = 0
configure:4187: result: yes
configure:4204: checking for gcc option to accept ISO C89
configure:4267: gcc  -c -g -O2  conftest.c >&5
configure:4267: $? = 0
configure:4280: result: none needed
configure:4302: checking dependency style of gcc
configure:4413: result: gcc3
configure:4428: checking for a sed that does not truncate output
configure:4492: result: /usr/bin/sed
configure:4510: checking for grep that handles long lines and -e
configure:4568: result: /usr/bin/grep
configure:4573: checking for egrep
configure:4635: result: /usr/bin/grep -E
configure:4640: checking for fgrep
configure:4702: result: /usr/bin/grep -F
configure:4737: checking for ld used by gcc
configure:4804: result: /usr/bin/ld
configure:4811: checking if the linker (/usr/bin/ld) is GNU ld
configure:4826: result: yes
configure:4838: checking for BSD- or MS-compatible name lister (nm)
configure:4887: result: /usr/bin/nm -B
configure:5017: checking the name lister (/usr/bin/nm -B) interface
configure:5024: gcc -c -g -O2  conftest.c >&5
configure:5027: /usr/bin/nm -B "conftest.o"
configure:5030: output
0000000000000000 B some_variable
configure:5037: result: BSD nm
configure:5040: checking whether ln -s works
configure:5044: result: yes
configure:5052: checking the maximum length of command line arguments
configure:5183: result: 1572864
configure:5200: checking whether the shell understands some XSI constructs
configure:5210: result: yes
configure:5214: checking whether the shell understands "+="
configure:5220: result: yes
configure:5255: checking how to convert x86_64-unknown-linux-gnu file names to x86_64-unknown-linux-gnu format
configure:5295: result: func_convert_file_noop
configure:5302: checking how to convert x86_64-unknown-linux-gnu file names to toolchain format
configure:5322: result: func_convert_file_noop
configure:5329: checking for /usr/bin/ld option to reload object files
configure:5336: result: -r
configure:5410: checking for objdump
configure:5437: result: objdump
configure:5466: checking how to recognize dependent libraries
configure:5664: result: pass_all
configure:5749: checking for dlltool
configure:5776: result: dlltool
configure:5806: checking how to associate runtime and link libraries
configure:5833: result: printf %s\n
configure:5894: checking for ar
configure:5910: found /usr/bin/ar
configure:5921: result: ar
configure:5958: checking for archiver @FILE support
configure:5975: gcc -c -g -O2  conftest.c >&5
configure:5975: $? = 0
configure:5978: ar cru libconftest.a @conftest.lst >&5
ar: `u' modifier ignored since `D' is the default (see `U')
configure:5981: $? = 0
configure:5986: ar cru libconftest.a @conftest.lst >&5
ar: `u' modifier ignored since `D' is the default (see `U')
ar: conftest.o: No such file or directory
configure:5989: $? = 1
configure:6001: result: @
configure:6059: checking for strip
configure:6075: found /usr/bin/strip
configure:6086: result: strip
configure:6158: checking for ranlib
configure:6174: found /usr/bin/ranlib
configure:6185: result: ranlib
configure:6287: checking command to parse /usr/bin/nm -B output from gcc object
configure:6407: gcc -c -g -O2  conftest.c >&5
configure:6410: $? = 0
configure:6414: /usr/bin/nm -B conftest.o \| sed -n -e 's/^.*[ ]\([ABCDGIRSTW][ABCDGIRSTW]*\)[ ][ ]*\([_A-Za-z][_A-Za-z0-9]*\)$/\1 \2 \2/p' | sed '/ __gnu_lto/d' \> conftest.nm
configure:6417: $? = 0
configure:6483: gcc -o conftest -g -O2   conftest.c conftstm.o >&5
configure:6486: $? = 0
configure:6524: result: ok
configure:6561: checking for sysroot
configure:6591: result: no
configure:6668: gcc -c -g -O2  conftest.c >&5
configure:6671: $? = 0
configure:6854: checking for mt
configure:6884: result: no
configure:6904: checking if : is a manifest tool
configure:6910: : '-?'
configure:6918: result: no
configure:7560: checking how to run the C preprocessor
configure:7591: gcc -E  conftest.c
configure:7591: $? = 0
configure:7605: gcc -E  conftest.c
conftest.c:11:10: fatal error: ac_nonexistent.h: No such file or directory
   11 | #include <ac_nonexistent.h>
      |          ^~~~~~~~~~~~~~~~~~
compilation terminated.
configure:7605: $? = 1
configure: failed program was:
| /* confdefs.h */
| #define PACKAGE_NAME "snprintfv"
| #define PACKAGE_TARNAME "snprintfv"
| #define PACKAGE_VERSION "1.1"
| #define PACKAGE_STRING "snprintfv 1.1"
| #define PACKAGE_BUGREPORT "bonzini@gnu.org"
| #define PACKAGE_URL ""
| #define PACKAGE "snprintfv"
| #define VERSION "1.1"
| /* end confdefs.h.  */
| #include <ac_nonexistent.h>
configure:7630: result: gcc -E
configure:7650: gcc -E  conftest.c
configure:7650: $? = 0
configure:7664: gcc -E  conftest.c
conftest.c:11:10: fatal error: ac_nonexistent.h: No such file or directory
   11 | #include <ac_nonexistent.h>
      |          ^~~~~~~~~~~~~~~~~~
compilation terminated.
configure:7664: $? = 1
configure: failed program was:
| /* confdefs.h */
| #define PACKAGE_NAME "snprintfv"
| #define PACKAGE_TARNAME "snprintfv"
| #define PACKAGE_VERSION "1.1"
| #define PACKAGE_STRING "snprintfv 1.1"
| #define PACKAGE_BUGREPORT "bonzini@gnu.org"
| #define PACKAGE_URL ""
| #define PACKAGE "snprintfv"
| #define VERSION "1.1"
| /* end confdefs.h.  */
| #include <ac_nonexistent.h>
configure:7693: checking for ANSI C header files
configure:7713: gcc -c -g -O2  conftest.c >&5
configure:7713: $? = 0
configure:7786: gcc -o conftest -g -O2   conftest.c  >&5
configure:7786: $? = 0
configure:7786: ./conftest
configure:7786: $? = 0
configure:7797: result: yes
configure:7810: checking for sys/types.h
configure:7810: gcc -c -g -O2  conftest.c >&5
configure:7810: $? = 0
configure:7810: result: yes
configure:7810: checking for sys/stat.h
configure:7810: gcc -c -g -O2  conftest.c >&5
configure:7810: $? = 0
configure:7810: result: yes
configure:7810: checking for stdlib.h
configure:7810: gcc -c -g -O2  conftest.c >&5
configure:7810: $? = 0
configure:7810: result: yes
configure:7810: checking for string.h
configure:7810: gcc -c -g -O2  conftest.c >&5
configure:7810: $? = 0
configure:7810: result: yes
configure:7810: checking for memory.h
configure:7810: gcc -c -g -O2  conftest.c >&5
configure:7810: $? = 0
configure:7810: result: yes
configure:7810: checking for strings.h
configure:7810: gcc -c -g -O2  conftest.c >&5
configure:7810: $? = 0
configure:7810: result: yes
configure:7810: checking for inttypes.h
configure:7810: gcc -c -g -O2  conftest.c >&5
configure:7810: $? = 0
configure:7810: result: yes
configure:7810: checking for stdint.h
configure:7810: gcc -c -g -O2  conftest.c >&5
configure:7810: $? = 0
configure:7810: result: yes
configure:7810: checking for unistd.h
configure:7810: gcc -c -g -O2  conftest.c >&5
configure:7810: $? = 0
configure:7810: result: yes
configure:7824: checking for dlfcn.h
configure:7824: gcc -c -g -O2  conftest.c >&5
configure:7824: $? = 0
configure:7824: result: yes
configure:8028: checking for objdir
configure:8043: result: .libs
configure:8314: checking if gcc supports -fno-rtti -fno-exceptions
configure:8332: gcc -c -g -O2  -fno-rtti -fno-exceptions conftest.c >&5
cc1: warning: command-line option '-fno-rtti' is valid for C++/D/ObjC++ but not for C
configure:8336: $? = 0
configure:8349: result: no
configure:8676: checking for gcc option to produce PIC
configure:8683: result: -fPIC -DPIC
configure:8691: checking if gcc PIC flag -fPIC -DPIC works
configure:8709: gcc -c -g -O2  -fPIC -DPIC -DPIC conftest.c >&5
configure:8713: $? = 0
configure:8726: result: yes
configure:8755: checking if gcc static flag -static works
configure:8783: result: yes
configure:8798: checking if gcc supports -c -o file.o
configure:8819: gcc -c -g -O2  -o out/conftest2.o conftest.c >&5
configure:8823: $? = 0
configure:8845: result: yes
configure:8853: checking if gcc supports -c -o file.o
configure:8900: result: yes
configure:8933: checking whether the gcc linker (/usr/bin/ld -m elf_x86_64) supports shared libraries
configure:10090: result: yes
configure:10127: checking whether -lc should be explicitly linked in
configure:10135: gcc -c -g -O2  conftest.c >&5
configure:10138: $? = 0
configure:10153: gcc -shared  -fPIC -DPIC conftest.o  -v -Wl,-soname -Wl,conftest -o conftest 2\>\&1 \| /usr/bin/grep  -lc  \>/dev/null 2\>\&1
configure:10156: $? = 0
configure:10170: result: no
configure:10330: checking dynamic linker characteristics
configure:10830: gcc -o conftest -g -O2   -Wl,-rpath -Wl,/foo conftest.c  >&5
configure:10830: $? = 0
configure:11064: result: GNU/Linux ld.so
configure:11171: checking how to hardcode library paths into programs
configure:11196: result: immediate
configure:11736: checking whether stripping libraries is possible
configure:11741: result: yes
configure:11776: checking if libtool supports shared libraries
configure:11778: result: yes
configure:11781: checking whether to build shared libraries
configure:11802: result: yes
configure:11805: checking whether to build static libraries
configure:11809: result: yes
configure:11847: checking for a sed that does not truncate output
configure:11911: result: /usr/bin/sed
configure:11988: checking whether the convenience libsnprintfv needs printing floats
configure:11990: result: yes
configure:11999: checking if malloc debugging is wanted
configure:12017: result: no
configure:12074: checking for gcc
configure:12101: result: gcc
configure:12330: checking for C compiler version
configure:12339: gcc --version >&5
gcc (Ubuntu 13.3.0-6ubuntu2~24.04) 13.3.0
Copyright (C) 2023 Free Software Foundation, Inc.
This is free software; see the source for copying conditions.  There is NO
warranty; not even for MERCHANTABILITY or FITNESS FOR A PARTICULAR PURPOSE.

configure:12350: $? = 0
configure:12339: gcc -v >&5
Using built-in specs.
COLLECT_GCC=gcc
COLLECT_LTO_WRAPPER=/usr/libexec/gcc/x86_64-linux-gnu/13/lto-wrapper
OFFLOAD_TARGET_NAMES=nvptx-none:amdgcn-amdhsa
OFFLOAD_TARGET_DEFAULT=1
Target: x86_64-linux-gnu
Configured with: ../src/configure -v --with-pkgversion='Ubuntu 13.3.0-6ubuntu2~24.04' --with-bugurl=file:///usr/share/doc/gcc-13/README.Bugs --enable-languages=c,ada,c++,go,d,fortran,objc,obj-c++,m2 --prefix=/usr --with-gcc-major-version-only --program-suffix=-13 --program-prefix=x86_64-linux-gnu- --enable-shared --enable-linker-build-id --libexecdir=/usr/libexec --without-included-gettext --enable-threads=posix --libdir=/usr/lib --enable-nls --enable-bootstrap --enable-clocale=gnu --enable-libstdcxx-debug --enable-libstdcxx-time=yes --with-default-libstdcxx-abi=new --enable-libstdcxx-backtrace --enable-gnu-unique-object --disable-vtable-verify --enable-plugin --enable-default-pie --with-system-zlib --enable-libphobos-checking=release --with-target-system-zlib=auto --enable-objc-gc=auto --enable-multiarch --disable-werror --enable-cet --with-arch-32=i686 --with-abi=m64 --with-multilib-list=m32,m64,mx32 --enable-multilib --with-tune=generic --enable-offload-targets=nvptx-none=/build/gcc-13-fG75Ri/gcc-13-13.3.0/debian/tmp-nvptx/usr,amdgcn-amdhsa=/build/gcc-13-fG75Ri/gcc-13-13.3.0/debian/tmp-gcn/usr --enable-offload-defaulted --without-cuda-driver --enable-checking=release --build=x86_64-linux-gnu --host=x86_64-linux-gnu --target=x86_64-linux-gnu --with-build-config=bootstrap-lto-lean --enable-link-serialization=2
Thread model: posix
Supported LTO compression algorithms: zlib zstd
gcc version 13.3.0 (Ubuntu 13.3.0-6ubuntu2~24.04) 
... rest of stderr output deleted ...
configure:12350: $? = 0
configure:12339: gcc -V >&5
gcc: error: unrecognized command-line option '-V'
gcc: fatal error: no input files
compilation terminated.
configure:12350: $? = 1
configure:12339: gcc -qversion >&5
gcc: error: unrecognized command-line option '-qversion'; did you mean '--version'?
gcc: fatal error: no input files
compilation terminated.
configure:12350: $? = 1
configure:12354: checking whether we are using the GNU C compiler
configure:12382: result: yes
configure:12391: checking whether gcc accepts -g
configure:12452: result: yes
configure:12469: checking for gcc option to accept ISO C89
configure:12545: result: none needed
configure:12567: checking dependency style of gcc
configure:12678: result: gcc3
configure:12693: checking for an ANSI C-conforming const
configure:12759: gcc -c -g -O2  conftest.c >&5
configure:12759: $? = 0
configure:12766: result: yes
configure:12774: checking for inline
configure:12790: gcc -c -g -O2  conftest.c >&5
configure:12790: $? = 0
configure:12798: result: inline
configure:12822: checking for gawk
configure:12849: result: gawk
configure:12864: checking for ANSI C header files
configure:12968: result: yes
configure:12978: checking for sys/types.h
configure:12978: result: yes
configure:12989: checking for static inline
configure:13006: gcc -c -g -O2  conftest.c >&5
conftest.c:25:15: warning: return type defaults to 'int' [-Wimplicit-int]
   25 | static inline foo(bar) int bar; { return bar; }
      |               ^~~
configure:13006: $? = 0
configure:13014: result: yes
configure:13022: checking for string.h
configure:13022: result: yes
configure:13035: checking for flockfile
configure:13035: gcc -o conftest -g -O2   conftest.c  >&5
configure:13035: $? = 0
configure:13035: result: yes
configure:13035: checking for fputc_unlocked
configure:13035: gcc -o conftest -g -O2   conftest.c  >&5
conftest.c:50:6: warning: conflicting types for built-in function 'fputc_unlocked'; expected 'int(int,  void *)' [-Wbuiltin-declaration-mismatch]
   50 | char fputc_unlocked ();
      |      ^~~~~~~~~~~~~~
configure:13035: $? = 0
configure:13035: result: yes
configure:13048: checking wchar.h usability
configure:13048: gcc -c -g -O2  conftest.c >&5
configure:13048: $? = 0
configure:13048: result: yes
configure:13048: checking wchar.h presence
configure:13048: gcc -E  conftest.c
configure:13048: $? = 0
configure:13048: result: yes
configure:13048: checking for wchar.h
configure:13048: result: yes
configure:13054: checking for wchar_t
configure:13054: gcc -c -g -O2  conftest.c >&5
configure:13054: $? = 0
configure:13054: gcc -c -g -O2  conftest.c >&5
conftest.c: In function 'main':
conftest.c:64:22: error: expected expression before ')' token
   64 | if (sizeof ((wchar_t)))
      |                      ^
configure:13054: $? = 1
configure: failed program was:
| /* confdefs.h */
| #define PACKAGE_NAME "snprintfv"
| #define PACKAGE_TARNAME "snprintfv"
| #define PACKAGE_VERSION "1.1"
| #define PACKAGE_STRING "snprintfv 1.1"
| #define PACKAGE_BUGREPORT "bonzini@gnu.org"
| #define PACKAGE_URL ""
| #define PACKAGE "snprintfv"
| #define VERSION "1.1"
| #define STDC_HEADERS 1
| #define HAVE_SYS_TYPES_H 1
| #define HAVE_SYS_STAT_H 1
| #define HAVE_STDLIB_H 1
| #define HAVE_STRING_H 1
| #define HAVE_MEMORY_H 1
| #define HAVE_STRINGS_H 1
| #define HAVE_INTTYPES_H 1
| #define HAVE_STDINT_H 1
| #define HAVE_UNISTD_H 1
| #define HAVE_DLFCN_H 1
| #define LT_OBJDIR ".libs/"
| #define STDC_HEADERS 1
| #define HAVE_SYS_TYPES_H 1
| #define HAVE_STRING_H 1
| #define HAVE_FLOCKFILE 1
| #define HAVE_FPUTC_UNLOCKED 1
| /* end confdefs.h.  */
| #include <stdio.h>
| #ifdef HAVE_SYS_TYPES_H
| # include <sys/types.h>
| #endif
| #ifdef HAVE_SYS_STAT_H
| # include <sys/stat.h>
| #endif
| #ifdef STDC_HEADERS
| # include <stdlib.h>
| # include <stddef.h>
| #else
| # ifdef HAVE_STDLIB_H
| #  include <stdlib.h>
| # endif
| #endif
| #ifdef HAVE_STRING_H
| # if !defined STDC_HEADERS && defined HAVE_MEMORY_H
| #  include <memory.h>
| # endif
| # include <string.h>
| #endif
| #ifdef HAVE_STRINGS_H
| # include <strings.h>
| #endif
| #ifdef HAVE_INTTYPES_H
| # include <inttypes.h>
| #endif
| #ifdef HAVE_STDINT_H
| # include <stdint.h>
| #endif
| #ifdef HAVE_UNISTD_H
| # include <unistd.h>
| #endif
| int
| main ()
| {
| if (sizeof ((wchar_t)))
| 	    return 0;
|   ;
|   return 0;
| }
configure:13054: result: yes
configure:13059: checking for wint_t
configure:13059: gcc -c -g -O2  conftest.c >&5
conftest.c: In function 'main':
conftest.c:64:13: error: 'wint_t' undeclared (first use in this function); did you mean 'uint8_t'?
   64 | if (sizeof (wint_t))
      |             ^~~~~~
      |             uint8_t
conftest.c:64:13: note: each undeclared identifier is reported only once for each function it appears in
configure:13059: $? = 1
configure: failed program was:
| /* confdefs.h */
| #define PACKAGE_NAME "snprintfv"
| #define PACKAGE_TARNAME "snprintfv"
| #define PACKAGE_VERSION "1.1"
| #define PACKAGE_STRING "snprintfv 1.1"
| #define PACKAGE_BUGREPORT "bonzini@gnu.org"
| #define PACKAGE_URL ""
| #define PACKAGE "snprintfv"
| #define VERSION "1.1"
| #define STDC_HEADERS 1
| #define HAVE_SYS_TYPES_H 1
| #define HAVE_SYS_STAT_H 1
| #define HAVE_STDLIB_H 1
| #define HAVE_STRING_H 1
| #define HAVE_MEMORY_H 1
| #define HAVE_STRINGS_H 1
| #define HAVE_INTTYPES_H 1
| #define HAVE_STDINT_H 1
| #define HAVE_UNISTD_H 1
| #define HAVE_DLFCN_H 1
| #define LT_OBJDIR ".libs/"
| #define STDC_HEADERS 1
| #define HAVE_SYS_TYPES_H 1
| #define HAVE_STRING_H 1
| #define HAVE_FLOCKFILE 1
| #define HAVE_FPUTC_UNLOCKED 1
| /* end confdefs.h.  */
| #include <stdio.h>
| #ifdef HAVE_SYS_TYPES_H
| # include <sys/types.h>
| #endif
| #ifdef HAVE_SYS_STAT_H
| # include <sys/stat.h>
| #endif
| #ifdef STDC_HEADERS
| # include <stdlib.h>
| # include <stddef.h>
| #else
| # ifdef HAVE_STDLIB_H
| #  include <stdlib.h>
| # endif
| #endif
| #ifdef HAVE_STRING_H
| # if !defined STDC_HEADERS && defined HAVE_MEMORY_H
| #  include <memory.h>
| # endif
| # include <string.h>
| #endif
| #ifdef HAVE_STRINGS_H
| # include <strings.h>
| #endif
| #ifdef HAVE_INTTYPES_H
| # include <inttypes.h>
| #endif
| #ifdef HAVE_STDINT_H
| # include <stdint.h>
| #endif
| #ifdef HAVE_UNISTD_H
| # include <unistd.h>
| #endif
| int
| main ()
| {
| if (sizeof (wint_t))
| 	 return 0;
|   ;
|   return 0;
| }
configure:13059: result: no
configure:13064: checking for intmax_t
configure:13064: gcc -c -g -O2  conftest.c >&5
configure:13064: $? = 0
configure:13064: gcc -c -g -O2  conftest.c >&5
conftest.c: In function 'main':
conftest.c:64:23: error: expected expression before ')' token
   64 | if (sizeof ((intmax_t)))
      |                       ^
configure:13064: $? = 1
configure: failed program was:
| /* confdefs.h */
| #define PACKAGE_NAME "snprintfv"
| #define PACKAGE_TARNAME "snprintfv"
| #define PACKAGE_VERSION "1.1"
| #define PACKAGE_STRING "snprintfv 1.1"
| #define PACKAGE_BUGREPORT "bonzini@gnu.org"
| #define PACKAGE_URL ""
| #define PACKAGE "snprintfv"
| #define VERSION "1.1"
| #define STDC_HEADERS 1
| #define HAVE_SYS_TYPES_H 1
| #define HAVE_SYS_STAT_H 1
| #define HAVE_STDLIB_H 1
| #define HAVE_STRING_H 1
| #define HAVE_MEMORY_H 1
| #define HAVE_STRINGS_H 1
| #define HAVE_INTTYPES_H 1
| #define HAVE_STDINT_H 1
| #define HAVE_UNISTD_H 1
| #define HAVE_DLFCN_H 1
| #define LT_OBJDIR ".libs/"
| #define STDC_HEADERS 1
| #define HAVE_SYS_TYPES_H 1
| #define HAVE_STRING_H 1
| #define HAVE_FLOCKFILE 1
| #define HAVE_FPUTC_UNLOCKED 1
| /* end confdefs.h.  */
| #include <stdio.h>
| #ifdef HAVE_SYS_TYPES_H
| # include <sys/types.h>
| #endif
| #ifdef HAVE_SYS_STAT_H
| # include <sys/stat.h>
| #endif
| #ifdef STDC_HEADERS
| # include <stdlib.h>
| # include <stddef.h>
| #else
| # ifdef HAVE_STDLIB_H
| #  include <stdlib.h>
| # endif
| #endif
| #ifdef HAVE_STRING_H
| # if !defined STDC_HEADERS && defined HAVE_MEMORY_H
| #  include <memory.h>
| # endif
| # include <string.h>
| #endif
| #ifdef HAVE_STRINGS_H
| # include <strings.h>
| #endif
| #ifdef HAVE_INTTYPES_H
| # include <inttypes.h>
| #endif
| #ifdef HAVE_STDINT_H
| # include <stdint.h>
| #endif
| #ifdef HAVE_UNISTD_H
| # include <unistd.h>
| #endif
| int
| main ()
| {
| if (sizeof ((intmax_t)))
| 	    return 0;
|   ;
|   return 0;
| }
configure:13064: result: yes
configure:13069: checking for size_t
configure:13069: gcc -c -g -O2  conftest.c >&5
configure:13069: $? = 0
configure:13069: gcc -c -g -O2  conftest.c >&5
conftest.c: In function 'main':
conftest.c:64:21: error: expected expression before ')' token
   64 | if (sizeof ((size_t)))
      |                     ^
configure:13069: $? = 1
configure: failed program was:
| /* confdefs.h */
| #define PACKAGE_NAME "snprintfv"
| #define PACKAGE_TARNAME "snprintfv"
| #define PACKAGE_VERSION "1.1"
| #define PACKAGE_STRING "snprintfv 1.1"
| #define PACKAGE_BUGREPORT "bonzini@gnu.org"
| #define PACKAGE_URL ""
| #define PACKAGE "snprintfv"
| #define VERSION "1.1"
| #define STDC_HEADERS 1
| #define HAVE_SYS_TYPES_H 1
| #define HAVE_SYS_STAT_H 1
| #define HAVE_STDLIB_H 1
| #define HAVE_STRING_H 1
| #define HAVE_MEMORY_H 1
| #define HAVE_STRINGS_H 1
| #define HAVE_INTTYPES_H 1
| #define HAVE_STDINT_H 1
| #define HAVE_UNISTD_H 1
| #define HAVE_DLFCN_H 1
| #define LT_OBJDIR ".libs/"
| #define STDC_HEADERS 1
| #define HAVE_SYS_TYPES_H 1
| #define HAVE_STRING_H 1
| #define HAVE_FLOCKFILE 1
| #define HAVE_FPUTC_UNLOCKED 1
| /* end confdefs.h.  */
| #include <stdio.h>
| #ifdef HAVE_SYS_TYPES_H
| # include <sys/types.h>
| #endif
| #ifdef HAVE_SYS_STAT_H
| # include <sys/stat.h>
| #endif
| #ifdef STDC_HEADERS
| # include <stdlib.h>
| # include <stddef.h>
| #else
| # ifdef HAVE_STDLIB_H
| #  include <stdlib.h>
| # endif
| #endif
| #ifdef HAVE_STRING_H
| # if !defined STDC_HEADERS && defined HAVE_MEMORY_H
| #  include <memory.h>
| # endif
| # include <string.h>
| #endif
| #ifdef HAVE_STRINGS_H
| # include <strings.h>
| #endif
| #ifdef HAVE_INTTYPES_H
| # include <inttypes.h>
| #endif
| #ifdef HAVE_STDINT_H
| # include <stdint.h>
| #endif
| #ifdef HAVE_UNISTD_H
| # include <unistd.h>
| #endif
| int
| main ()
| {
| if (sizeof ((size_t)))
| 	    return 0;
|   ;
|   return 0;
| }
configure:13069: result: yes
configure:13084: checking size of int
configure:13089: gcc -o conftest -g -O2   conftest.c  >&5
configure:13089: $? = 0
configure:13089: ./conftest
configure:13089: $? = 0
configure:13103: result: 4
configure:13117: checking size of wint_t
configure:13122: gcc -o conftest -g -O2   conftest.c  >&5
conftest.c: In function 'longval':
conftest.c:62:57: error: 'wint_t' undeclared (first use in this function); did you mean 'uint8_t'?
   62 | static long int longval () { return (long int) (sizeof (wint_t)); }
      |                                                         ^~~~~~
      |                                                         uint8_t
conftest.c:62:57: note: each undeclared identifier is reported only once for each function it appears in
conftest.c: In function 'ulongval':
conftest.c:63:67: error: 'wint_t' undeclared (first use in this function); did you mean 'uint8_t'?
   63 | static unsigned long int ulongval () { return (long int) (sizeof (wint_t)); }
      |                                                                   ^~~~~~
      |                                                                   uint8_t
conftest.c: In function 'main':
conftest.c:73:28: error: 'wint_t' undeclared (first use in this function); did you mean 'uint8_t'?
   73 |   if (((long int) (sizeof (wint_t))) < 0)
      |                            ^~~~~~
      |                            uint8_t
configure:13122: $? = 1
configure: program exited with status 1
configure: failed program was:
| /* confdefs.h */
| #define PACKAGE_NAME "snprintfv"
| #define PACKAGE_TARNAME "snprintfv"
| #define PACKAGE_VERSION "1.1"
| #define PACKAGE_STRING "snprintfv 1.1"
| #define PACKAGE_BUGREPORT "bonzini@gnu.org"
| #define PACKAGE_URL ""
| #define PACKAGE "snprintfv"
| #define VERSION "1.1"
| #define STDC_HEADERS 1
| #define HAVE_SYS_TYPES_H 1
| #define HAVE_SYS_STAT_H 1
| #define HAVE_STDLIB_H 1
| #define HAVE_STRING_H 1
| #define HAVE_MEMORY_H 1
| #define HAVE_STRINGS_H 1
| #define HAVE_INTTYPES_H 1
| #define HAVE_STDINT_H 1
| #define HAVE_UNISTD_H 1
| #define HAVE_DLFCN_H 1
| #define LT_OBJDIR ".libs/"
| #define STDC_HEADERS 1
| #define HAVE_SYS_TYPES_H 1
| #define HAVE_STRING_H 1
| #define HAVE_FLOCKFILE 1
| #define HAVE_FPUTC_UNLOCKED 1
| #define SIZEOF_INT 4
| /* end confdefs.h.  */
| #include <stdio.h>
| #ifdef HAVE_SYS_TYPES_H
| # include <sys/types.h>
| #endif
| #ifdef HAVE_SYS_STAT_H
| # include <sys/stat.h>
| #endif
| #ifdef STDC_HEADERS
| # include <stdlib.h>
| # include <stddef.h>
| #else
| # ifdef HAVE_STDLIB_H
| #  include <stdlib.h>
| # endif
| #endif
| #ifdef HAVE_STRING_H
| # if !defined STDC_HEADERS && defined HAVE_MEMORY_H
| #  include <memory.h>
| # endif
| # include <string.h>
| #endif
| #ifdef HAVE_STRINGS_H
| # include <strings.h>
| #endif
| #ifdef HAVE_INTTYPES_H
| # include <inttypes.h>
| #endif
| #ifdef HAVE_STDINT_H
| # include <stdint.h>
| #endif
| #ifdef HAVE_UNISTD_H
| # include <unistd.h>
| #endif
| static long int longval () { return (long int) (sizeof (wint_t)); }
| static unsigned long int ulongval () { return (long int) (sizeof (wint_t)); }
| #include <stdio.h>
| #include <stdlib.h>
| int
| main ()
| {
| 
|   FILE *f = fopen ("conftest.val", "w");
|   if (! f)
|     return 1;
|   if (((long int) (sizeof (wint_t))) < 0)
|     {
|       long int i = longval ();
|       if (i != ((long int) (sizeof (wint_t))))
| 	return 1;
|       fprintf (f, "%ld", i);
|     }
|   else
|     {
|       unsigned long int i = ulongval ();
|       if (i != ((long int) (sizeof (wint_t))))
| 	return 1;
|       fprintf (f, "%lu", i);
|     }
|   /* Do not output a trailing newline, as this causes \r\n confusion
|      on some platforms.  */
|   return ferror (f) || fclose (f) != 0;
| 
|   ;
|   return 0;
| }
configure:13136: result: 0
configure:13152: checking for long double with more range or precision than double
configure:13188: gcc -c -g -O2  conftest.c >&5
configure:13188: $? = 0
configure:13195: result: yes
configure:13210: checking for log in -lm
configure:13235: gcc -o conftest -g -O2   conftest.c -lm   >&5
conftest.c:39:6: warning: conflicting types for built-in function 'log'; expected 'double(double)' [-Wbuiltin-declaration-mismatch]
   39 | char log ();
      |      ^~~
conftest.c:1:1: note: 'log' is declared in header '<math.h>'
    1 | /* confdefs.h */
configure:13235: $? = 0
configure:13244: result: yes
configure:13258: checking for copysign
configure:13258: gcc -o conftest -g -O2   conftest.c -lm  >&5
conftest.c:56:6: warning: conflicting types for built-in function 'copysign'; expected 'double(double,  double)' [-Wbuiltin-declaration-mismatch]
   56 | char copysign ();
      |      ^~~~~~~~
conftest.c:44:1: note: 'copysign' is declared in header '<math.h>'
   43 | # include <limits.h>
   44 | #else
configure:13258: $? = 0
configure:13258: result: yes
configure:13258: checking for copysignl
configure:13258: gcc -o conftest -g -O2   conftest.c -lm  >&5
conftest.c:57:6: warning: conflicting types for built-in function 'copysignl'; expected 'long double(long double,  long double)' [-Wbuiltin-declaration-mismatch]
   57 | char copysignl ();
      |      ^~~~~~~~~
conftest.c:45:1: note: 'copysignl' is declared in header '<math.h>'
   44 | # include <limits.h>
   45 | #else
configure:13258: $? = 0
configure:13258: result: yes
configure:13258: checking for isinf
configure:13258: gcc -o conftest -g -O2   conftest.c -lm  >&5
conftest.c:58:6: warning: conflicting types for built-in function 'isinf'; expected 'int()' [-Wbuiltin-declaration-mismatch]
   58 | char isinf ();
      |      ^~~~~
conftest.c:46:1: note: 'isinf' is declared in header '<math.h>'
   45 | # include <limits.h>
   46 | #else
configure:13258: $? = 0
configure:13258: result: yes
configure:13258: checking for isinfl
configure:13258: gcc -o conftest -g -O2   conftest.c -lm  >&5
conftest.c:59:6: warning: conflicting types for built-in function 'isinfl'; expected 'int(long double)' [-Wbuiltin-declaration-mismatch]
   59 | char isinfl ();
      |      ^~~~~~
configure:13258: $? = 0
configure:13258: result: yes
configure:13258: checking for isnan
configure:13258: gcc -o conftest -g -O2   conftest.c -lm  >&5
conftest.c:60:6: warning: conflicting types for built-in function 'isnan'; expected 'int()' [-Wbuiltin-declaration-mismatch]
   60 | char isnan ();
      |      ^~~~~
conftest.c:48:1: note: 'isnan' is declared in header '<math.h>'
   47 | # include <limits.h>
   48 | #else
configure:13258: $? = 0
configure:13258: result: yes
configure:13258: checking for isnanl
configure:13258: gcc -o conftest -g -O2   conftest.c -lm  >&5
conftest.c:61:6: warning: conflicting types for built-in function 'isnanl'; expected 'int(long double)' [-Wbuiltin-declaration-mismatch]
   61 | char isnanl ();
      |      ^~~~~~
configure:13258: $? = 0
configure:13258: result: yes
configure:13258: checking for modfl
configure:13258: gcc -o conftest -g -O2   conftest.c -lm  >&5
conftest.c:62:6: warning: conflicting types for built-in function 'modfl'; expected 'long double(long double,  long double *)' [-Wbuiltin-declaration-mismatch]
   62 | char modfl ();
      |      ^~~~~
conftest.c:50:1: note: 'modfl' is declared in header '<math.h>'
   49 | # include <limits.h>
   50 | #else
configure:13258: $? = 0
configure:13258: result: yes
configure:13427: creating ./config.status

## ---------------------- ##
## Running config.status. ##
## ---------------------- ##

This file was extended by snprintfv config.status 1.1, which was
generated by GNU Autoconf 2.69.  Invocation command line was

  CONFIG_FILES    = 
  CONFIG_HEADERS  = 
  CONFIG_LINKS    = 
  CONFIG_COMMANDS = 
  $ ./config.status 

on DESKTOP-SNRAR97

config.status:1137: creating Makefile
config.status:1137: creating snprintfv/Makefile
config.status:1137: creating config.h
config.status:1366: executing depfiles commands
config.status:1366: executing libtool commands
config.status:1366: executing snprintfv/compat.h commands

## ---------------- ##
## Cache variables. ##
## ---------------- ##

ac_cv_build=x86_64-unknown-linux-gnu
ac_cv_c_compiler_gnu=yes
ac_cv_c_const=yes
ac_cv_c_inline=inline
ac_cv_c_long_double=yes
ac_cv_env_CC_set=
ac_cv_env_CC_value=
ac_cv_env_CFLAGS_set=
ac_cv_env_CFLAGS_value=
ac_cv_env_CPPFLAGS_set=
ac_cv_env_CPPFLAGS_value=
ac_cv_env_CPP_set=
ac_cv_env_CPP_value=
ac_cv_env_LDFLAGS_set=
ac_cv_env_LDFLAGS_value=
ac_cv_env_LIBS_set=
ac_cv_env_LIBS_value=
ac_cv_env_build_alias_set=
ac_cv_env_build_alias_value=
ac_cv_env_host_alias_set=
ac_cv_env_host_alias_value=
ac_cv_env_target_alias_set=
ac_cv_env_target_alias_value=
ac_cv_func_copysign=yes
ac_cv_func_copysignl=yes
ac_cv_func_flockfile=yes
ac_cv_func_fputc_unlocked=yes
ac_cv_func_isinf=yes
ac_cv_func_isinfl=yes
ac_cv_func_isnan=yes
ac_cv_func_isnanl=yes
ac_cv_func_modfl=yes
ac_cv_header_dlfcn_h=yes
ac_cv_header_inttypes_h=yes
ac_cv_header_memory_h=yes
ac_cv_header_stdc=yes
ac_cv_header_stdint_h=yes
ac_cv_header_stdlib_h=yes
ac_cv_header_string_h=yes
ac_cv_header_strings_h=yes
ac_cv_header_sys_stat_h=yes
ac_cv_header_sys_types_h=yes
ac_cv_header_unistd_h=yes
ac_cv_header_wchar_h=yes
ac_cv_host=x86_64-unknown-linux-gnu
ac_cv_lib_m_log=yes
ac_cv_objext=o
ac_cv_path_EGREP='/usr/bin/grep -E'
ac_cv_path_FGREP='/usr/bin/grep -F'
ac_cv_path_GREP=/usr/bin/grep
ac_cv_path_SED=/usr/bin/sed
ac_cv_path_install='/usr/bin/install -c'
ac_cv_path_mkdir=/usr/bin/mkdir
ac_cv_prog_AWK=gawk
ac_cv_prog_CPP='gcc -E'
ac_cv_prog_ac_ct_AR=ar
ac_cv_prog_ac_ct_CC=gcc
ac_cv_prog_ac_ct_DLLTOOL=dlltool
ac_cv_prog_ac_ct_OBJDUMP=objdump
ac_cv_prog_ac_ct_RANLIB=ranlib
ac_cv_prog_ac_ct_STRIP=strip
ac_cv_prog_cc_c89=
ac_cv_prog_cc_g=yes
ac_cv_prog_make_make_set=yes
ac_cv_sizeof_int=4
ac_cv_sizeof_wint_t=0
ac_cv_type_intmax_t=yes
ac_cv_type_long_double_wider=yes
ac_cv_type_size_t=yes
ac_cv_type_wchar_t=yes
ac_cv_type_wint_t=no
am_cv_CC_dependencies_compiler_type=gcc3
lt_cv_ar_at_file=@
lt_cv_archive_cmds_need_lc=no
lt_cv_deplibs_check_method=pass_all
lt_cv_file_magic_cmd='$MAGIC_CMD'
lt_cv_file_magic_test_file=
lt_cv_ld_reload_flag=-r
lt_cv_nm_interface='BSD nm'
lt_cv_objdir=.libs
lt_cv_path_LD=/usr/bin/ld
lt_cv_path_NM='/usr/bin/nm -B'
lt_cv_path_mainfest_tool=no
lt_cv_prog_compiler_c_o=yes
lt_cv_prog_compiler_pic='-fPIC -DPIC'
lt_cv_prog_compiler_pic_works=yes
lt_cv_prog_compiler_rtti_exceptions=no
lt_cv_prog_compiler_static_works=yes
lt_cv_prog_gnu_ld=yes
lt_cv_sharedlib_from_linklib_cmd='printf %s\n'
lt_cv_shlibpath_overrides_runpath=yes
lt_cv_sys_global_symbol_pipe='sed -n -e '\''s/^.*[	 ]\([ABCDGIRSTW][ABCDGIRSTW]*\)[	 ][	 ]*\([_A-Za-z][_A-Za-z0-9]*\)$/\1 \2 \2/p'\'' | sed '\''/ __gnu_lto/d'\'''
lt_cv_sys_global_symbol_to_c_name_address='sed -n -e '\''s/^: \([^ ]*\)[ ]*$/  {\"\1\", (void *) 0},/p'\'' -e '\''s/^[ABCDGIRSTW]* \([^ ]*\) \([^ ]*\)$/  {"\2", (void *) \&\2},/p'\'''
lt_cv_sys_global_symbol_to_c_name_address_lib_prefix='sed -n -e '\''s/^: \([^ ]*\)[ ]*$/  {\"\1\", (void *) 0},/p'\'' -e '\''s/^[ABCDGIRSTW]* \([^ ]*\) \(lib[^ ]*\)$/  {"\2", (void *) \&\2},/p'\'' -e '\''s/^[ABCDGIRSTW]* \([^ ]*\) \([^ ]*\)$/  {"lib\2", (void *) \&\2},/p'\'''
lt_cv_sys_global_symbol_to_cdecl='sed -n -e '\''s/^T .* \(.*\)$/extern int \1();/p'\'' -e '\''s/^[ABCDGIRSTW]* .* \(.*\)$/extern char \1;/p'\'''
lt_cv_sys_max_cmd_len=1572864
lt_cv_to_host_file_cmd=func_convert_file_noop
lt_cv_to_tool_file_cmd=func_convert_file_noop
snv_cv_static_inline=yes

## ----------------- ##
## Output variables. ##
## ----------------- ##

ACLOCAL='${SHELL} /home/milan/workspace/2025/smalltalk-3.2.5/build-aux/missing --run aclocal-1.11'
AMDEPBACKSLASH='\'
AMDEP_FALSE='#'
AMDEP_TRUE=''
AMTAR='$${TAR-tar}'
AR='ar'
AS='as'
AUTOCONF='${SHELL} /home/milan/workspace/2025/smalltalk-3.2.5/build-aux/missing --run autoconf'
AUTOHEADER='${SHELL} /home/milan/workspace/2025/smalltalk-3.2.5/build-aux/missing --run autoheader'
AUTOMAKE='${SHELL} /home/milan/workspace/2025/smalltalk-3.2.5/build-aux/missing --run automake-1.11'
AWK='gawk'
CC='gcc'
CCDEPMODE='depmode=gcc3'
CFLAGS='-g -O2'
CONVENIENCE_SNPRINTFV_FALSE='#'
CONVENIENCE_SNPRINTFV_TRUE=''
CPP='gcc -E'
CPPFLAGS=''
CYGPATH_W='echo'
DEFS='-DHAVE_CONFIG_H'
DEPDIR='.deps'
DLLTOOL='dlltool'
DSYMUTIL=''
DUMPBIN=''
ECHO_C=''
ECHO_N='-n'
ECHO_T=''
EGREP='/usr/bin/grep -E'
EXEEXT=''
FGREP='/usr/bin/grep -F'
GREP='/usr/bin/grep'
INCLUDES=''
INSTALL_DATA='${INSTALL} -m 644'
INSTALL_PROGRAM='${INSTALL}'
INSTALL_SCRIPT='${INSTALL}'
INSTALL_SNPRINTFV_FALSE=''
INSTALL_SNPRINTFV_TRUE='#'
INSTALL_STRIP_PROGRAM='$(install_sh) -c -s'
LD='/usr/bin/ld -m elf_x86_64'
LDFLAGS=''
LIBOBJS=''
LIBS='-lm '
LIBSNPRINTFVC_PRINT_FLOATS=''
LIBTOOL='$(SHELL) $(top_builddir)/libtool'
LIPO=''
LN_S='ln -s'
LTLIBOBJS=''
MAKEINFO='${SHELL} /home/milan/workspace/2025/smalltalk-3.2.5/build-aux/missing --run makeinfo'
MANIFEST_TOOL=':'
MKDIR_P='/usr/bin/mkdir -p'
NM='/usr/bin/nm -B'
NMEDIT=''
OBJDUMP='objdump'
OBJEXT='o'
OTOOL64=''
OTOOL=''
PACKAGE='snprintfv'
PACKAGE_BUGREPORT='bonzini@gnu.org'
PACKAGE_NAME='snprintfv'
PACKAGE_STRING='snprintfv 1.1'
PACKAGE_TARNAME='snprintfv'
PACKAGE_URL=''
PACKAGE_VERSION='1.1'
PATH_SEPARATOR=':'
RANLIB='ranlib'
SED='/usr/bin/sed'
SET_MAKE=''
SHELL='/bin/bash'
SNV_AGE='0'
SNV_CURRENT='3'
SNV_REVISION='0'
STRIP='strip'
SUBDIR_SNPRINTFV_FALSE='#'
SUBDIR_SNPRINTFV_TRUE=''
VERSION='1.1'
ac_aux_dir='../build-aux'
ac_ct_AR='ar'
ac_ct_CC='gcc'
ac_ct_DUMPBIN=''
am__EXEEXT_FALSE=''
am__EXEEXT_TRUE='#'
am__fastdepCC_FALSE='#'
am__fastdepCC_TRUE=''
am__include='include'
am__isrc=''
am__leading_dot='.'
am__nodep='_no'
am__quote=''
am__tar='$${TAR-tar} chof - "$$tardir"'
am__untar='$${TAR-tar} xf -'
bindir='${exec_prefix}/bin'
build='x86_64-unknown-linux-gnu'
build_alias=''
build_cpu='x86_64'
build_os='linux-gnu'
build_vendor='unknown'
convenience_libsnprintfv='libsnprintfvc.la'
datadir='${datarootdir}'
datarootdir='${prefix}/share'
docdir='${datarootdir}/doc/${PACKAGE_TARNAME}'
dvidir='${docdir}'
exec_prefix='${prefix}'
host='x86_64-unknown-linux-gnu'
host_alias=''
host_cpu='x86_64'
host_os='linux-gnu'
host_vendor='unknown'
htmldir='${docdir}'
includedir='${prefix}/include'
infodir='${datarootdir}/info'
install_sh='${SHELL} /home/milan/workspace/2025/smalltalk-3.2.5/build-aux/install-sh'
installed_libsnprintfv=''
libdir='${exec_prefix}/lib'
libexecdir='${exec_prefix}/libexec'
localedir='${datarootdir}/locale'
localstatedir='${prefix}/var'
mandir='${datarootdir}/man'
mkdir_p='/usr/bin/mkdir -p'
oldincludedir='/usr/include'
pdfdir='${docdir}'
prefix='/usr/local'
program_transform_name='s,x,x,'
psdir='${docdir}'
sbindir='${exec_prefix}/sbin'
sharedstatedir='${prefix}/com'
sysconfdir='${prefix}/etc'
target_alias=''

## ----------- ##
## confdefs.h. ##
## ----------- ##

/* confdefs.h */
#define PACKAGE_NAME "snprintfv"
#define PACKAGE_TARNAME "snprintfv"
#define PACKAGE_VERSION "1.1"
#define PACKAGE_STRING "snprintfv 1.1"
#define PACKAGE_BUGREPORT "bonzini@gnu.org"
#define PACKAGE_URL ""
#define PACKAGE "snprintfv"
#define VERSION "1.1"
#define STDC_HEADERS 1
#define HAVE_SYS_TYPES_H 1
#define HAVE_SYS_STAT_H 1
#define HAVE_STDLIB_H 1
#define HAVE_STRING_H 1
#define HAVE_MEMORY_H 1
#define HAVE_STRINGS_H 1
#define HAVE_INTTYPES_H 1
#define HAVE_STDINT_H 1
#define HAVE_UNISTD_H 1
#define HAVE_DLFCN_H 1
#define LT_OBJDIR ".libs/"
#define STDC_HEADERS 1
#define HAVE_SYS_TYPES_H 1
#define HAVE_STRING_H 1
#define HAVE_FLOCKFILE 1
#define HAVE_FPUTC_UNLOCKED 1
#define SIZEOF_INT 4
#define SIZEOF_WINT_T 0
#define HAVE_LONG_DOUBLE_WIDER 1
#define HAVE_LONG_DOUBLE 1
#define HAVE_LIBM 1
#define HAVE_COPYSIGN 1
#define HAVE_COPYSIGNL 1
#define HAVE_ISINF 1
#define HAVE_ISINFL 1
#define HAVE_ISNAN 1
#define HAVE_ISNANL 1
#define HAVE_MODFL 1

configure: exit 0

## ---------------------- ##
## Running config.status. ##
## ---------------------- ##

This file was extended by snprintfv config.status 1.1, which was
generated by GNU Autoconf 2.69.  Invocation command line was

  CONFIG_FILES    = 
  CONFIG_HEADERS  = 
  CONFIG_LINKS    = 
  CONFIG_COMMANDS = 
  $ ./config.status snprintfv/compat.h

on DESKTOP-SNRAR97

config.status:1366: executing snprintfv/compat.h commands
